<?xml version="1.0" encoding="UTF-8"?>
<testng-results skipped="0" failed="0" ignored="0" total="1" passed="1">
  <reporter-output>
  </reporter-output>
  <suite name="Default suite" duration-ms="10685" started-at="2018-10-20T15:51:16Z" finished-at="2018-10-20T15:51:26Z">
    <groups>
    </groups>
    <test name="Default test" duration-ms="10685" started-at="2018-10-20T15:51:16Z" finished-at="2018-10-20T15:51:26Z">
      <class name="mistest.ActvidadWinFrameAlert">
        <test-method status="PASS" signature="Actividad()[pri:0, instance:mistest.ActvidadWinFrameAlert@5e3a8624]" name="Actividad" duration-ms="10594" started-at="2018-10-20T15:51:16Z" finished-at="2018-10-20T15:51:26Z">
          <reporter-output>
          </reporter-output>
        </test-method> <!-- Actividad -->
      </class> <!-- mistest.ActvidadWinFrameAlert -->
    </test> <!-- Default test -->
  </suite> <!-- Default suite -->
</testng-results>
